<?xml version="1.0" encoding="UTF-8"?>
<testng-results skipped="0" failed="0" ignored="0" total="1" passed="1">
  <reporter-output>
  </reporter-output>
  <suite name="Suite" duration-ms="60745" started-at="2018-06-24T12:24:59Z" finished-at="2018-06-24T12:26:00Z">
    <groups>
    </groups>
    <test name="Test" duration-ms="60745" started-at="2018-06-24T12:24:59Z" finished-at="2018-06-24T12:26:00Z">
      <class name="test.NewTest">
        <test-method status="PASS" signature="f()[pri:0, instance:test.NewTest@3bfdc050]" name="f" duration-ms="58493" started-at="2018-06-24T12:24:59Z" finished-at="2018-06-24T12:25:58Z">
          <reporter-output>
          </reporter-output>
        </test-method> <!-- f -->
        <test-method status="PASS" signature="afterTest()[pri:0, instance:test.NewTest@3bfdc050]" name="afterTest" is-config="true" duration-ms="2155" started-at="2018-06-24T12:25:58Z" finished-at="2018-06-24T12:26:00Z">
          <reporter-output>
          </reporter-output>
        </test-method> <!-- afterTest -->
      </class> <!-- test.NewTest -->
    </test> <!-- Test -->
  </suite> <!-- Suite -->
</testng-results>
